<?xml version="1.0" encoding="UTF-8"?>
<!-- Generated by org.testng.reporters.JUnitReportReporter -->
<testsuite skipped="0" hostname="DESKTOP-ULL41SB" name="execution.WOPVersionCreation" tests="1" failures="0" timestamp="2021-06-18T16:32:55 IST" time="154.374" errors="0">
  <testcase name="assetCreation" time="154.374" classname="execution.WOPVersionCreation"/>
  <system-out/>
</testsuite> <!-- execution.WOPVersionCreation -->
