<?xml version="1.0" encoding="UTF-8"?>
<!-- Generated by org.testng.reporters.JUnitReportReporter -->
<testsuite skipped="0" hostname="DESKTOP-ULL41SB" name="functions.DynamicTestNG" tests="1" failures="0" timestamp="2021-10-07T16:58:05 IST" time="469.827" errors="0">
  <testcase name="ExecuteScripts" time="469.827" classname="functions.DynamicTestNG"/>
  <system-out/>
</testsuite> <!-- functions.DynamicTestNG -->
